<?xml version="1.0" encoding="UTF-8"?>
<robot generator="Robot 6.1.1 (Python 3.11.4 on win32)" generated="20240117 17:47:43.076" rpa="false" schemaversion="4">
<suite id="s1" name="Crm" source="H:\Newfolder\crm\tests\crm.robot">
<test id="s1-t1" name="Should be able to add new customer" line="9">
<kw name="Log" library="BuiltIn">
<arg>Starting the test case!</arg>
<doc>Logs the given message with the given level.</doc>
<msg timestamp="20240117 17:47:43.259" level="INFO">Starting the test case!</msg>
<status status="PASS" starttime="20240117 17:47:43.259" endtime="20240117 17:47:43.259"/>
</kw>
<kw name="Open Browser" library="SeleniumLibrary">
<arg>https://automationplayground.com/crm/</arg>
<arg>chrome</arg>
<doc>Opens a new browser instance to the optional ``url``.</doc>
<msg timestamp="20240117 17:47:43.260" level="INFO">Opening browser 'chrome' to base url 'https://automationplayground.com/crm/'.</msg>
<status status="PASS" starttime="20240117 17:47:43.259" endtime="20240117 17:47:47.039"/>
</kw>
<kw name="Sleep" library="BuiltIn">
<arg>3s</arg>
<doc>Pauses the test executed for the given time.</doc>
<msg timestamp="20240117 17:47:50.041" level="INFO">Slept 3 seconds</msg>
<status status="PASS" starttime="20240117 17:47:47.040" endtime="20240117 17:47:50.041"/>
</kw>
<kw name="Close Browser" library="SeleniumLibrary">
<doc>Closes the current browser.</doc>
<status status="PASS" starttime="20240117 17:47:50.043" endtime="20240117 17:47:52.213"/>
</kw>
<doc>This is some basic info about the test</doc>
<tag>1006</tag>
<tag>Contacts</tag>
<tag>Smoke</tag>
<status status="PASS" starttime="20240117 17:47:43.258" endtime="20240117 17:47:52.214"/>
</test>
<doc>This is some basic info about the whole suite</doc>
<status status="PASS" starttime="20240117 17:47:43.078" endtime="20240117 17:47:52.217"/>
</suite>
<statistics>
<total>
<stat pass="1" fail="0" skip="0">All Tests</stat>
</total>
<tag>
<stat pass="1" fail="0" skip="0">1006</stat>
<stat pass="1" fail="0" skip="0">Contacts</stat>
<stat pass="1" fail="0" skip="0">Smoke</stat>
</tag>
<suite>
<stat pass="1" fail="0" skip="0" id="s1" name="Crm">Crm</stat>
</suite>
</statistics>
<errors>
</errors>
</robot>
